2018-12-25 10:41:40,132 ERROR    root            (gcloud) Command name argument expected.
2018-12-25 10:41:40,133 DEBUG    root            No implementation for release track [GA] for element: [/usr/local/Caskroom/google-cloud-sdk/latest/google-cloud-sdk/lib/surface/tasks]
2018-12-25 10:41:40,136 DEBUG    root            Loaded Command Group: [u'gcloud', u'feedback']
2018-12-25 10:41:40,138 DEBUG    root            No implementation for release track [GA] for element: [/usr/local/Caskroom/google-cloud-sdk/latest/google-cloud-sdk/lib/surface/storage]
2018-12-25 10:41:40,138 DEBUG    root            Loaded Command Group: [u'gcloud', u'app']
2018-12-25 10:41:40,140 DEBUG    root            No implementation for release track [GA] for element: [/usr/local/Caskroom/google-cloud-sdk/latest/google-cloud-sdk/lib/surface/access_context_manager]
2018-12-25 10:41:40,141 DEBUG    root            Loaded Command Group: [u'gcloud', u'services']
2018-12-25 10:41:40,146 DEBUG    root            Loaded Command Group: [u'gcloud', u'projects']
2018-12-25 10:41:40,148 DEBUG    root            Loaded Command Group: [u'gcloud', u'meta']
2018-12-25 10:41:40,149 DEBUG    root            Loaded Command Group: [u'gcloud', u'composer']
2018-12-25 10:41:40,151 DEBUG    root            Loaded Command Group: [u'gcloud', u'datastore']
2018-12-25 10:41:40,156 DEBUG    root            Loaded Command Group: [u'gcloud', u'help']
2018-12-25 10:41:40,158 DEBUG    root            Loaded Command Group: [u'gcloud', u'iam']
2018-12-25 10:41:40,159 DEBUG    root            No implementation for release track [GA] for element: [/usr/local/Caskroom/google-cloud-sdk/latest/google-cloud-sdk/lib/surface/genomics]
2018-12-25 10:41:40,160 DEBUG    root            Loaded Command Group: [u'gcloud', u'functions']
2018-12-25 10:41:40,162 DEBUG    root            No implementation for release track [GA] for element: [/usr/local/Caskroom/google-cloud-sdk/latest/google-cloud-sdk/lib/surface/monitoring]
2018-12-25 10:41:40,162 DEBUG    root            No implementation for release track [GA] for element: [/usr/local/Caskroom/google-cloud-sdk/latest/google-cloud-sdk/lib/surface/billing]
2018-12-25 10:41:40,163 DEBUG    root            Loaded Command Group: [u'gcloud', u'redis']
2018-12-25 10:41:40,259 DEBUG    root            No implementation for release track [GA] for element: [/usr/local/Caskroom/google-cloud-sdk/latest/google-cloud-sdk/lib/surface/interactive]
2018-12-25 10:41:40,259 DEBUG    root            Loaded Command Group: [u'gcloud', u'source']
2018-12-25 10:41:40,264 DEBUG    root            Loaded Command Group: [u'gcloud', u'init']
2018-12-25 10:41:40,266 DEBUG    root            No implementation for release track [GA] for element: [/usr/local/Caskroom/google-cloud-sdk/latest/google-cloud-sdk/lib/surface/dlp]
2018-12-25 10:41:40,266 DEBUG    root            Loaded Command Group: [u'gcloud', u'kms']
2018-12-25 10:41:40,268 DEBUG    root            No implementation for release track [GA] for element: [/usr/local/Caskroom/google-cloud-sdk/latest/google-cloud-sdk/lib/surface/asset]
2018-12-25 10:41:40,268 DEBUG    root            Loaded Command Group: [u'gcloud', u'dns']
2018-12-25 10:41:40,312 DEBUG    root            Loaded Command Group: [u'gcloud', u'compute']
2018-12-25 10:41:40,316 DEBUG    root            Loaded Command Group: [u'gcloud', u'config']
2018-12-25 10:41:40,317 DEBUG    root            No implementation for release track [GA] for element: [/usr/local/Caskroom/google-cloud-sdk/latest/google-cloud-sdk/lib/surface/resources]
2018-12-25 10:41:40,318 DEBUG    root            No implementation for release track [GA] for element: [/usr/local/Caskroom/google-cloud-sdk/latest/google-cloud-sdk/lib/surface/cloud_shell]
2018-12-25 10:41:40,319 DEBUG    root            Loaded Command Group: [u'gcloud', u'info']
2018-12-25 10:41:40,321 DEBUG    root            No implementation for release track [GA] for element: [/usr/local/Caskroom/google-cloud-sdk/latest/google-cloud-sdk/lib/surface/run]
2018-12-25 10:41:40,321 DEBUG    root            Loaded Command Group: [u'gcloud', u'components']
2018-12-25 10:41:40,323 DEBUG    root            Loaded Command Group: [u'gcloud', u'organizations']
2018-12-25 10:41:40,324 DEBUG    root            Loaded Command Group: [u'gcloud', u'dataproc']
2018-12-25 10:41:40,355 DEBUG    root            Loaded Command Group: [u'gcloud', u'ml_engine']
2018-12-25 10:41:40,357 DEBUG    root            Loaded Command Group: [u'gcloud', u'iot']
2018-12-25 10:41:40,358 DEBUG    root            No implementation for release track [GA] for element: [/usr/local/Caskroom/google-cloud-sdk/latest/google-cloud-sdk/lib/surface/emulators]
2018-12-25 10:41:40,359 DEBUG    root            Loaded Command Group: [u'gcloud', u'auth']
2018-12-25 10:41:40,361 DEBUG    root            Loaded Command Group: [u'gcloud', u'debug']
2018-12-25 10:41:40,363 DEBUG    root            Loaded Command Group: [u'gcloud', u'firebase']
2018-12-25 10:41:40,364 DEBUG    root            No implementation for release track [GA] for element: [/usr/local/Caskroom/google-cloud-sdk/latest/google-cloud-sdk/lib/surface/category_manager]
2018-12-25 10:41:40,365 DEBUG    root            No implementation for release track [GA] for element: [/usr/local/Caskroom/google-cloud-sdk/latest/google-cloud-sdk/lib/surface/scheduler]
2018-12-25 10:41:40,365 DEBUG    root            Loaded Command Group: [u'gcloud', u'sql']
2018-12-25 10:41:40,367 DEBUG    root            Loaded Command Group: [u'gcloud', u'spanner']
2018-12-25 10:41:40,372 DEBUG    root            Loaded Command Group: [u'gcloud', u'container']
2018-12-25 10:41:40,374 DEBUG    root            Loaded Command Group: [u'gcloud', u'version']
2018-12-25 10:41:40,375 DEBUG    root            Loaded Command Group: [u'gcloud', u'bigtable']
2018-12-25 10:41:40,377 DEBUG    root            No implementation for release track [GA] for element: [/usr/local/Caskroom/google-cloud-sdk/latest/google-cloud-sdk/lib/surface/resource_manager]
2018-12-25 10:41:40,377 DEBUG    root            Loaded Command Group: [u'gcloud', u'topic']
2018-12-25 10:41:40,379 DEBUG    root            Loaded Command Group: [u'gcloud', u'logging']
2018-12-25 10:41:40,381 DEBUG    root            Loaded Command Group: [u'gcloud', u'builds']
2018-12-25 10:41:40,383 DEBUG    root            Loaded Command Group: [u'gcloud', u'service_management']
2018-12-25 10:41:40,385 DEBUG    root            Loaded Command Group: [u'gcloud', u'dataflow']
2018-12-25 10:41:40,386 DEBUG    root            Loaded Command Group: [u'gcloud', u'ml']
2018-12-25 10:41:40,388 DEBUG    root            No implementation for release track [GA] for element: [/usr/local/Caskroom/google-cloud-sdk/latest/google-cloud-sdk/lib/surface/runtime_config]
2018-12-25 10:41:40,389 DEBUG    root            No implementation for release track [GA] for element: [/usr/local/Caskroom/google-cloud-sdk/latest/google-cloud-sdk/lib/surface/search_help]
2018-12-25 10:41:40,389 DEBUG    root            No implementation for release track [GA] for element: [/usr/local/Caskroom/google-cloud-sdk/latest/google-cloud-sdk/lib/surface/error_reporting]
2018-12-25 10:41:40,390 DEBUG    root            Loaded Command Group: [u'gcloud', u'domains']
2018-12-25 10:41:40,391 DEBUG    root            No implementation for release track [GA] for element: [/usr/local/Caskroom/google-cloud-sdk/latest/google-cloud-sdk/lib/surface/filestore]
2018-12-25 10:41:40,395 DEBUG    root            Loaded Command Group: [u'gcloud', u'docker']
2018-12-25 10:41:40,397 DEBUG    root            Loaded Command Group: [u'gcloud', u'endpoints']
2018-12-25 10:41:40,398 DEBUG    root            Loaded Command Group: [u'gcloud', u'pubsub']
2018-12-25 10:41:40,400 DEBUG    root            No implementation for release track [GA] for element: [/usr/local/Caskroom/google-cloud-sdk/latest/google-cloud-sdk/lib/surface/firestore]
2018-12-25 10:41:40,400 DEBUG    root            Loaded Command Group: [u'gcloud', u'deployment_manager']
