Arguments: 
  /usr/local/var/nodebrew/node/v10.15.1/bin/node /usr/local/Cellar/yarn/1.13.0/libexec/bin/yarn.js create nuxt app movie_review .

PATH: 
  /usr/local/Caskroom/google-cloud-sdk/latest/google-cloud-sdk/bin:/usr/local/lib/ruby/gems/2.5.0/bin:/Users/saito/.gem/ruby/2.0.0/bin:/usr/local/opt/python/libexec/bin:/Users/saito/.npm-packages/bin:/Users/saito/.yarn/bin:/usr/local/opt/sqlite/bin:/usr/local/var/nodebrew/current/bin:/usr/local/opt/coreutils/libexec/gnubin:/Users/saito/platform-tools/:/Users/saito/Library/Android/sdk/ndk-bundle/:/usr/local/opt/gettext/bin:/usr/local/opt/curl/bin:/Users/saito/.zplug/bin:/usr/local/bin:/usr/bin:/bin:/usr/sbin:/sbin:/Library/TeX/texbin:/opt/X11/bin:/Applications/Wireshark.app/Contents/MacOS:/Users/saito/.zplug/repos/greymd/tmux-xpanes/bin:/usr/local/opt/fzf/bin:/usr/local/opt/go/libexec/bin

Yarn version: 
  1.13.0

Node version: 
  10.15.1

Platform: 
  darwin x64

Trace: 
  Error: https://registry.yarnpkg.com/create-nuxt: Not found
      at Request.params.callback [as _callback] (/usr/local/Cellar/yarn/1.13.0/libexec/lib/cli.js:66255:18)
      at Request.self.callback (/usr/local/Cellar/yarn/1.13.0/libexec/lib/cli.js:129397:22)
      at Request.emit (events.js:189:13)
      at Request.<anonymous> (/usr/local/Cellar/yarn/1.13.0/libexec/lib/cli.js:130369:10)
      at Request.emit (events.js:189:13)
      at IncomingMessage.<anonymous> (/usr/local/Cellar/yarn/1.13.0/libexec/lib/cli.js:130291:12)
      at Object.onceWrapper (events.js:277:13)
      at IncomingMessage.emit (events.js:194:15)
      at endReadableNT (_stream_readable.js:1103:12)
      at process._tickCallback (internal/process/next_tick.js:63:19)

npm manifest: 
  {
    "dependencies": {
      "create-react-native-app": "^1.0.0",
      "react-native-cli": "^2.0.1"
    }
  }

yarn manifest: 
  No manifest

Lockfile: 
  # THIS IS AN AUTOGENERATED FILE. DO NOT EDIT THIS FILE DIRECTLY.
  # yarn lockfile v1
  
  
  ansi-regex@^2.0.0:
    version "2.1.1"
    resolved "https://registry.yarnpkg.com/ansi-regex/-/ansi-regex-2.1.1.tgz#c3b33ab5ee360d86e0e628f0468ae7ef27d654df"
  
  ansi-styles@^2.2.1:
    version "2.2.1"
    resolved "https://registry.yarnpkg.com/ansi-styles/-/ansi-styles-2.2.1.tgz#b432dd3358b634cf75e1e4664368240533c1ddbe"
  
  ansi-styles@^3.2.1:
    version "3.2.1"
    resolved "https://registry.yarnpkg.com/ansi-styles/-/ansi-styles-3.2.1.tgz#41fbb20243e50b12be0f04b8dedbf07520ce841d"
    dependencies:
      color-convert "^1.9.0"
  
  async@0.2.x, async@~0.2.9:
    version "0.2.10"
    resolved "https://registry.yarnpkg.com/async/-/async-0.2.10.tgz#b6bbe0b0674b9d719708ca38de8c237cb526c3d1"
  
  babel-runtime@^6.9.2:
    version "6.26.0"
    resolved "https://registry.yarnpkg.com/babel-runtime/-/babel-runtime-6.26.0.tgz#965c7058668e82b55d7bfe04ff2337bc8b5647fe"
    dependencies:
      core-js "^2.4.0"
      regenerator-runtime "^0.11.0"
  
  balanced-match@^1.0.0:
    version "1.0.0"
    resolved "https://registry.yarnpkg.com/balanced-match/-/balanced-match-1.0.0.tgz#89b4d199ab2bee49de164ea02b89ce462d71b767"
  
  brace-expansion@^1.1.7:
    version "1.1.11"
    resolved "https://registry.yarnpkg.com/brace-expansion/-/brace-expansion-1.1.11.tgz#3c7fcbf529d87226f3d2f52b966ff5271eb441dd"
    dependencies:
      balanced-match "^1.0.0"
      concat-map "0.0.1"
  
  chalk@^1.1.1:
    version "1.1.3"
    resolved "https://registry.yarnpkg.com/chalk/-/chalk-1.1.3.tgz#a8115c55e4a702fe4d150abd3872822a7e09fc98"
    dependencies:
      ansi-styles "^2.2.1"
      escape-string-regexp "^1.0.2"
      has-ansi "^2.0.0"
      strip-ansi "^3.0.0"
      supports-color "^2.0.0"
  
  chalk@^2.0.1:
    version "2.4.1"
    resolved "https://registry.yarnpkg.com/chalk/-/chalk-2.4.1.tgz#18c49ab16a037b6eb0152cc83e3471338215b66e"
    dependencies:
      ansi-styles "^3.2.1"
      escape-string-regexp "^1.0.5"
      supports-color "^5.3.0"
  
  color-convert@^1.9.0:
    version "1.9.2"
    resolved "https://registry.yarnpkg.com/color-convert/-/color-convert-1.9.2.tgz#49881b8fba67df12a96bdf3f56c0aab9e7913147"
    dependencies:
      color-name "1.1.1"
  
  color-name@1.1.1:
    version "1.1.1"
    resolved "https://registry.yarnpkg.com/color-name/-/color-name-1.1.1.tgz#4b1415304cf50028ea81643643bd82ea05803689"
  
  colors@0.6.x:
    version "0.6.2"
    resolved "https://registry.yarnpkg.com/colors/-/colors-0.6.2.tgz#2423fe6678ac0c5dae8852e5d0e5be08c997abcc"
  
  concat-map@0.0.1:
    version "0.0.1"
    resolved "https://registry.yarnpkg.com/concat-map/-/concat-map-0.0.1.tgz#d8a96bd77fd68df7793a73036a3ba0d5405d477b"
  
  core-js@^2.4.0:
    version "2.5.7"
    resolved "https://registry.yarnpkg.com/core-js/-/core-js-2.5.7.tgz#f972608ff0cead68b841a16a932d0b183791814e"
  
  create-react-native-app@^1.0.0:
    version "1.0.0"
    resolved "https://registry.yarnpkg.com/create-react-native-app/-/create-react-native-app-1.0.0.tgz#fc6046f4407bde2727ce0c4eb1354bb1a8c0f9e6"
    dependencies:
      babel-runtime "^6.9.2"
      chalk "^2.0.1"
      cross-spawn "^5.1.0"
      fs-extra "^4.0.0"
      minimist "^1.2.0"
      path-exists "^3.0.0"
      semver "^5.0.3"
      source-map-support "^0.4.1"
  
  cross-spawn@^5.1.0:
    version "5.1.0"
    resolved "https://registry.yarnpkg.com/cross-spawn/-/cross-spawn-5.1.0.tgz#e8bd0efee58fcff6f8f94510a0a554bbfa235449"
    dependencies:
      lru-cache "^4.0.1"
      shebang-command "^1.2.0"
      which "^1.2.9"
  
  cycle@1.0.x:
    version "1.0.3"
    resolved "https://registry.yarnpkg.com/cycle/-/cycle-1.0.3.tgz#21e80b2be8580f98b468f379430662b046c34ad2"
  
  deep-equal@*:
    version "1.0.1"
    resolved "https://registry.yarnpkg.com/deep-equal/-/deep-equal-1.0.1.tgz#f5d260292b660e084eff4cdbc9f08ad3247448b5"
  
  escape-string-regexp@^1.0.2, escape-string-regexp@^1.0.5:
    version "1.0.5"
    resolved "https://registry.yarnpkg.com/escape-string-regexp/-/escape-string-regexp-1.0.5.tgz#1b61c0562190a8dff6ae3bb2cf0200ca130b86d4"
  
  eyes@0.1.x:
    version "0.1.8"
    resolved "https://registry.yarnpkg.com/eyes/-/eyes-0.1.8.tgz#62cf120234c683785d902348a800ef3e0cc20bc0"
  
  fs-extra@^4.0.0:
    version "4.0.3"
    resolved "https://registry.yarnpkg.com/fs-extra/-/fs-extra-4.0.3.tgz#0d852122e5bc5beb453fb028e9c0c9bf36340c94"
    dependencies:
      graceful-fs "^4.1.2"
      jsonfile "^4.0.0"
      universalify "^0.1.0"
  
  fs.realpath@^1.0.0:
    version "1.0.0"
    resolved "https://registry.yarnpkg.com/fs.realpath/-/fs.realpath-1.0.0.tgz#1504ad2523158caa40db4a2787cb01411994ea4f"
  
  glob@^7.0.5:
    version "7.1.2"
    resolved "https://registry.yarnpkg.com/glob/-/glob-7.1.2.tgz#c19c9df9a028702d678612384a6552404c636d15"
    dependencies:
      fs.realpath "^1.0.0"
      inflight "^1.0.4"
      inherits "2"
      minimatch "^3.0.4"
      once "^1.3.0"
      path-is-absolute "^1.0.0"
  
  graceful-fs@^4.1.2, graceful-fs@^4.1.6:
    version "4.1.11"
    resolved "https://registry.yarnpkg.com/graceful-fs/-/graceful-fs-4.1.11.tgz#0e8bdfe4d1ddb8854d64e04ea7c00e2a026e5658"
  
  has-ansi@^2.0.0:
    version "2.0.0"
    resolved "https://registry.yarnpkg.com/has-ansi/-/has-ansi-2.0.0.tgz#34f5049ce1ecdf2b0649af3ef24e45ed35416d91"
    dependencies:
      ansi-regex "^2.0.0"
  
  has-flag@^3.0.0:
    version "3.0.0"
    resolved "https://registry.yarnpkg.com/has-flag/-/has-flag-3.0.0.tgz#b5d454dc2199ae225699f3467e5a07f3b955bafd"
  
  i@0.3.x:
    version "0.3.6"
    resolved "https://registry.yarnpkg.com/i/-/i-0.3.6.tgz#d96c92732076f072711b6b10fd7d4f65ad8ee23d"
  
  inflight@^1.0.4:
    version "1.0.6"
    resolved "https://registry.yarnpkg.com/inflight/-/inflight-1.0.6.tgz#49bd6331d7d02d0c09bc910a1075ba8165b56df9"
    dependencies:
      once "^1.3.0"
      wrappy "1"
  
  inherits@2:
    version "2.0.3"
    resolved "https://registry.yarnpkg.com/inherits/-/inherits-2.0.3.tgz#633c2c83e3da42a502f52466022480f4208261de"
  
  isexe@^2.0.0:
    version "2.0.0"
    resolved "https://registry.yarnpkg.com/isexe/-/isexe-2.0.0.tgz#e8fbf374dc556ff8947a10dcb0572d633f2cfa10"
  
  isstream@0.1.x:
    version "0.1.2"
    resolved "https://registry.yarnpkg.com/isstream/-/isstream-0.1.2.tgz#47e63f7af55afa6f92e1500e690eb8b8529c099a"
  
  jsonfile@^4.0.0:
    version "4.0.0"
    resolved "https://registry.yarnpkg.com/jsonfile/-/jsonfile-4.0.0.tgz#8771aae0799b64076b76640fca058f9c10e33ecb"
    optionalDependencies:
      graceful-fs "^4.1.6"
  
  lru-cache@^4.0.1:
    version "4.1.3"
    resolved "https://registry.yarnpkg.com/lru-cache/-/lru-cache-4.1.3.tgz#a1175cf3496dfc8436c156c334b4955992bce69c"
    dependencies:
      pseudomap "^1.0.2"
      yallist "^2.1.2"
  
  minimatch@^3.0.4:
    version "3.0.4"
    resolved "https://registry.yarnpkg.com/minimatch/-/minimatch-3.0.4.tgz#5166e286457f03306064be5497e8dbb0c3d32083"
    dependencies:
      brace-expansion "^1.1.7"
  
  minimist@0.0.8:
    version "0.0.8"
    resolved "https://registry.yarnpkg.com/minimist/-/minimist-0.0.8.tgz#857fcabfc3397d2625b8228262e86aa7a011b05d"
  
  minimist@^1.2.0:
    version "1.2.0"
    resolved "https://registry.yarnpkg.com/minimist/-/minimist-1.2.0.tgz#a35008b20f41383eec1fb914f4cd5df79a264284"
  
  mkdirp@0.x.x:
    version "0.5.1"
    resolved "https://registry.yarnpkg.com/mkdirp/-/mkdirp-0.5.1.tgz#30057438eac6cf7f8c4767f38648d6697d75c903"
    dependencies:
      minimist "0.0.8"
  
  mute-stream@~0.0.4:
    version "0.0.7"
    resolved "https://registry.yarnpkg.com/mute-stream/-/mute-stream-0.0.7.tgz#3075ce93bc21b8fab43e1bc4da7e8115ed1e7bab"
  
  ncp@0.4.x:
    version "0.4.2"
    resolved "https://registry.yarnpkg.com/ncp/-/ncp-0.4.2.tgz#abcc6cbd3ec2ed2a729ff6e7c1fa8f01784a8574"
  
  once@^1.3.0:
    version "1.4.0"
    resolved "https://registry.yarnpkg.com/once/-/once-1.4.0.tgz#583b1aa775961d4b113ac17d9c50baef9dd76bd1"
    dependencies:
      wrappy "1"
  
  path-exists@^3.0.0:
    version "3.0.0"
    resolved "https://registry.yarnpkg.com/path-exists/-/path-exists-3.0.0.tgz#ce0ebeaa5f78cb18925ea7d810d7b59b010fd515"
  
  path-is-absolute@^1.0.0:
    version "1.0.1"
    resolved "https://registry.yarnpkg.com/path-is-absolute/-/path-is-absolute-1.0.1.tgz#174b9268735534ffbc7ace6bf53a5a9e1b5c5f5f"
  
  pkginfo@0.3.x:
    version "0.3.1"
    resolved "https://registry.yarnpkg.com/pkginfo/-/pkginfo-0.3.1.tgz#5b29f6a81f70717142e09e765bbeab97b4f81e21"
  
  pkginfo@0.x.x:
    version "0.4.1"
    resolved "https://registry.yarnpkg.com/pkginfo/-/pkginfo-0.4.1.tgz#b5418ef0439de5425fc4995042dced14fb2a84ff"
  
  prompt@^0.2.14:
    version "0.2.14"
    resolved "https://registry.yarnpkg.com/prompt/-/prompt-0.2.14.tgz#57754f64f543fd7b0845707c818ece618f05ffdc"
    dependencies:
      pkginfo "0.x.x"
      read "1.0.x"
      revalidator "0.1.x"
      utile "0.2.x"
      winston "0.8.x"
  
  pseudomap@^1.0.2:
    version "1.0.2"
    resolved "https://registry.yarnpkg.com/pseudomap/-/pseudomap-1.0.2.tgz#f052a28da70e618917ef0a8ac34c1ae5a68286b3"
  
  react-native-cli@^2.0.1:
    version "2.0.1"
    resolved "https://registry.yarnpkg.com/react-native-cli/-/react-native-cli-2.0.1.tgz#f2cd3c7aa1b83828cdfba630e2dfd817df766d54"
    dependencies:
      chalk "^1.1.1"
      minimist "^1.2.0"
      prompt "^0.2.14"
      semver "^5.0.3"
  
  read@1.0.x:
    version "1.0.7"
    resolved "https://registry.yarnpkg.com/read/-/read-1.0.7.tgz#b3da19bd052431a97671d44a42634adf710b40c4"
    dependencies:
      mute-stream "~0.0.4"
  
  regenerator-runtime@^0.11.0:
    version "0.11.1"
    resolved "https://registry.yarnpkg.com/regenerator-runtime/-/regenerator-runtime-0.11.1.tgz#be05ad7f9bf7d22e056f9726cee5017fbf19e2e9"
  
  revalidator@0.1.x:
    version "0.1.8"
    resolved "https://registry.yarnpkg.com/revalidator/-/revalidator-0.1.8.tgz#fece61bfa0c1b52a206bd6b18198184bdd523a3b"
  
  rimraf@2.x.x:
    version "2.6.2"
    resolved "https://registry.yarnpkg.com/rimraf/-/rimraf-2.6.2.tgz#2ed8150d24a16ea8651e6d6ef0f47c4158ce7a36"
    dependencies:
      glob "^7.0.5"
  
  semver@^5.0.3:
    version "5.5.0"
    resolved "https://registry.yarnpkg.com/semver/-/semver-5.5.0.tgz#dc4bbc7a6ca9d916dee5d43516f0092b58f7b8ab"
  
  shebang-command@^1.2.0:
    version "1.2.0"
    resolved "https://registry.yarnpkg.com/shebang-command/-/shebang-command-1.2.0.tgz#44aac65b695b03398968c39f363fee5deafdf1ea"
    dependencies:
      shebang-regex "^1.0.0"
  
  shebang-regex@^1.0.0:
    version "1.0.0"
    resolved "https://registry.yarnpkg.com/shebang-regex/-/shebang-regex-1.0.0.tgz#da42f49740c0b42db2ca9728571cb190c98efea3"
  
  source-map-support@^0.4.1:
    version "0.4.18"
    resolved "https://registry.yarnpkg.com/source-map-support/-/source-map-support-0.4.18.tgz#0286a6de8be42641338594e97ccea75f0a2c585f"
    dependencies:
      source-map "^0.5.6"
  
  source-map@^0.5.6:
    version "0.5.7"
    resolved "https://registry.yarnpkg.com/source-map/-/source-map-0.5.7.tgz#8a039d2d1021d22d1ea14c80d8ea468ba2ef3fcc"
  
  stack-trace@0.0.x:
    version "0.0.10"
    resolved "https://registry.yarnpkg.com/stack-trace/-/stack-trace-0.0.10.tgz#547c70b347e8d32b4e108ea1a2a159e5fdde19c0"
  
  strip-ansi@^3.0.0:
    version "3.0.1"
    resolved "https://registry.yarnpkg.com/strip-ansi/-/strip-ansi-3.0.1.tgz#6a385fb8853d952d5ff05d0e8aaf94278dc63dcf"
    dependencies:
      ansi-regex "^2.0.0"
  
  supports-color@^2.0.0:
    version "2.0.0"
    resolved "https://registry.yarnpkg.com/supports-color/-/supports-color-2.0.0.tgz#535d045ce6b6363fa40117084629995e9df324c7"
  
  supports-color@^5.3.0:
    version "5.4.0"
    resolved "https://registry.yarnpkg.com/supports-color/-/supports-color-5.4.0.tgz#1c6b337402c2137605efe19f10fec390f6faab54"
    dependencies:
      has-flag "^3.0.0"
  
  universalify@^0.1.0:
    version "0.1.2"
    resolved "https://registry.yarnpkg.com/universalify/-/universalify-0.1.2.tgz#b646f69be3942dabcecc9d6639c80dc105efaa66"
  
  utile@0.2.x:
    version "0.2.1"
    resolved "https://registry.yarnpkg.com/utile/-/utile-0.2.1.tgz#930c88e99098d6220834c356cbd9a770522d90d7"
    dependencies:
      async "~0.2.9"
      deep-equal "*"
      i "0.3.x"
      mkdirp "0.x.x"
      ncp "0.4.x"
      rimraf "2.x.x"
  
  which@^1.2.9:
    version "1.3.1"
    resolved "https://registry.yarnpkg.com/which/-/which-1.3.1.tgz#a45043d54f5805316da8d62f9f50918d3da70b0a"
    dependencies:
      isexe "^2.0.0"
  
  winston@0.8.x:
    version "0.8.3"
    resolved "https://registry.yarnpkg.com/winston/-/winston-0.8.3.tgz#64b6abf4cd01adcaefd5009393b1d8e8bec19db0"
    dependencies:
      async "0.2.x"
      colors "0.6.x"
      cycle "1.0.x"
      eyes "0.1.x"
      isstream "0.1.x"
      pkginfo "0.3.x"
      stack-trace "0.0.x"
  
  wrappy@1:
    version "1.0.2"
    resolved "https://registry.yarnpkg.com/wrappy/-/wrappy-1.0.2.tgz#b5243d8f3ec1aa35f1364605bc0d1036e30ab69f"
  
  yallist@^2.1.2:
    version "2.1.2"
    resolved "https://registry.yarnpkg.com/yallist/-/yallist-2.1.2.tgz#1c11f9218f076089a47dd512f93c6699a6a81d52"
