2019-01-08 13:37:34,019 ERROR    root            (gcloud) Command name argument expected.
2019-01-08 13:37:34,022 DEBUG    root            No implementation for release track [GA] for element: [/usr/local/Caskroom/google-cloud-sdk/latest/google-cloud-sdk/lib/surface/tasks]
2019-01-08 13:37:34,038 DEBUG    root            Loaded Command Group: [u'gcloud', u'feedback']
2019-01-08 13:37:34,042 DEBUG    root            No implementation for release track [GA] for element: [/usr/local/Caskroom/google-cloud-sdk/latest/google-cloud-sdk/lib/surface/storage]
2019-01-08 13:37:34,045 DEBUG    root            Loaded Command Group: [u'gcloud', u'app']
2019-01-08 13:37:34,055 DEBUG    root            No implementation for release track [GA] for element: [/usr/local/Caskroom/google-cloud-sdk/latest/google-cloud-sdk/lib/surface/access_context_manager]
2019-01-08 13:37:34,057 DEBUG    root            Loaded Command Group: [u'gcloud', u'services']
2019-01-08 13:37:34,108 DEBUG    root            Loaded Command Group: [u'gcloud', u'projects']
2019-01-08 13:37:34,117 DEBUG    root            Loaded Command Group: [u'gcloud', u'meta']
2019-01-08 13:37:34,134 DEBUG    root            Loaded Command Group: [u'gcloud', u'composer']
2019-01-08 13:37:34,140 DEBUG    root            Loaded Command Group: [u'gcloud', u'datastore']
2019-01-08 13:37:34,158 DEBUG    root            Loaded Command Group: [u'gcloud', u'help']
2019-01-08 13:37:34,166 DEBUG    root            Loaded Command Group: [u'gcloud', u'iam']
2019-01-08 13:37:34,175 DEBUG    root            No implementation for release track [GA] for element: [/usr/local/Caskroom/google-cloud-sdk/latest/google-cloud-sdk/lib/surface/genomics]
2019-01-08 13:37:34,180 DEBUG    root            Loaded Command Group: [u'gcloud', u'functions']
2019-01-08 13:37:34,188 DEBUG    root            No implementation for release track [GA] for element: [/usr/local/Caskroom/google-cloud-sdk/latest/google-cloud-sdk/lib/surface/monitoring]
2019-01-08 13:37:34,190 DEBUG    root            No implementation for release track [GA] for element: [/usr/local/Caskroom/google-cloud-sdk/latest/google-cloud-sdk/lib/surface/billing]
2019-01-08 13:37:34,191 DEBUG    root            Loaded Command Group: [u'gcloud', u'redis']
2019-01-08 13:37:34,349 DEBUG    root            No implementation for release track [GA] for element: [/usr/local/Caskroom/google-cloud-sdk/latest/google-cloud-sdk/lib/surface/interactive]
2019-01-08 13:37:34,351 DEBUG    root            Loaded Command Group: [u'gcloud', u'source']
2019-01-08 13:37:34,359 DEBUG    root            Loaded Command Group: [u'gcloud', u'init']
2019-01-08 13:37:34,363 DEBUG    root            No implementation for release track [GA] for element: [/usr/local/Caskroom/google-cloud-sdk/latest/google-cloud-sdk/lib/surface/dlp]
2019-01-08 13:37:34,364 DEBUG    root            Loaded Command Group: [u'gcloud', u'kms']
2019-01-08 13:37:34,369 DEBUG    root            No implementation for release track [GA] for element: [/usr/local/Caskroom/google-cloud-sdk/latest/google-cloud-sdk/lib/surface/asset]
2019-01-08 13:37:34,370 DEBUG    root            Loaded Command Group: [u'gcloud', u'dns']
2019-01-08 13:37:34,436 DEBUG    root            Loaded Command Group: [u'gcloud', u'compute']
2019-01-08 13:37:34,457 DEBUG    root            Loaded Command Group: [u'gcloud', u'config']
2019-01-08 13:37:34,460 DEBUG    root            No implementation for release track [GA] for element: [/usr/local/Caskroom/google-cloud-sdk/latest/google-cloud-sdk/lib/surface/resources]
2019-01-08 13:37:34,461 DEBUG    root            No implementation for release track [GA] for element: [/usr/local/Caskroom/google-cloud-sdk/latest/google-cloud-sdk/lib/surface/cloud_shell]
2019-01-08 13:37:34,463 DEBUG    root            Loaded Command Group: [u'gcloud', u'info']
2019-01-08 13:37:34,465 DEBUG    root            No implementation for release track [GA] for element: [/usr/local/Caskroom/google-cloud-sdk/latest/google-cloud-sdk/lib/surface/run]
2019-01-08 13:37:34,466 DEBUG    root            Loaded Command Group: [u'gcloud', u'components']
2019-01-08 13:37:34,469 DEBUG    root            Loaded Command Group: [u'gcloud', u'organizations']
2019-01-08 13:37:34,472 DEBUG    root            Loaded Command Group: [u'gcloud', u'dataproc']
2019-01-08 13:37:34,522 DEBUG    root            Loaded Command Group: [u'gcloud', u'ml_engine']
2019-01-08 13:37:34,527 DEBUG    root            Loaded Command Group: [u'gcloud', u'iot']
2019-01-08 13:37:34,529 DEBUG    root            No implementation for release track [GA] for element: [/usr/local/Caskroom/google-cloud-sdk/latest/google-cloud-sdk/lib/surface/emulators]
2019-01-08 13:37:34,530 DEBUG    root            Loaded Command Group: [u'gcloud', u'auth']
2019-01-08 13:37:34,535 DEBUG    root            Loaded Command Group: [u'gcloud', u'debug']
2019-01-08 13:37:34,537 DEBUG    root            Loaded Command Group: [u'gcloud', u'firebase']
2019-01-08 13:37:34,541 DEBUG    root            No implementation for release track [GA] for element: [/usr/local/Caskroom/google-cloud-sdk/latest/google-cloud-sdk/lib/surface/category_manager]
2019-01-08 13:37:34,542 DEBUG    root            No implementation for release track [GA] for element: [/usr/local/Caskroom/google-cloud-sdk/latest/google-cloud-sdk/lib/surface/scheduler]
2019-01-08 13:37:34,543 DEBUG    root            Loaded Command Group: [u'gcloud', u'sql']
2019-01-08 13:37:34,549 DEBUG    root            Loaded Command Group: [u'gcloud', u'spanner']
2019-01-08 13:37:34,556 DEBUG    root            Loaded Command Group: [u'gcloud', u'container']
2019-01-08 13:37:34,560 DEBUG    root            Loaded Command Group: [u'gcloud', u'version']
2019-01-08 13:37:34,561 DEBUG    root            Loaded Command Group: [u'gcloud', u'bigtable']
2019-01-08 13:37:34,563 DEBUG    root            No implementation for release track [GA] for element: [/usr/local/Caskroom/google-cloud-sdk/latest/google-cloud-sdk/lib/surface/resource_manager]
2019-01-08 13:37:34,564 DEBUG    root            Loaded Command Group: [u'gcloud', u'topic']
2019-01-08 13:37:34,568 DEBUG    root            Loaded Command Group: [u'gcloud', u'logging']
2019-01-08 13:37:34,572 DEBUG    root            Loaded Command Group: [u'gcloud', u'builds']
2019-01-08 13:37:34,575 DEBUG    root            Loaded Command Group: [u'gcloud', u'service_management']
2019-01-08 13:37:34,579 DEBUG    root            Loaded Command Group: [u'gcloud', u'dataflow']
2019-01-08 13:37:34,580 DEBUG    root            Loaded Command Group: [u'gcloud', u'ml']
2019-01-08 13:37:34,585 DEBUG    root            No implementation for release track [GA] for element: [/usr/local/Caskroom/google-cloud-sdk/latest/google-cloud-sdk/lib/surface/runtime_config]
2019-01-08 13:37:34,587 DEBUG    root            No implementation for release track [GA] for element: [/usr/local/Caskroom/google-cloud-sdk/latest/google-cloud-sdk/lib/surface/search_help]
2019-01-08 13:37:34,588 DEBUG    root            No implementation for release track [GA] for element: [/usr/local/Caskroom/google-cloud-sdk/latest/google-cloud-sdk/lib/surface/error_reporting]
2019-01-08 13:37:34,588 DEBUG    root            Loaded Command Group: [u'gcloud', u'domains']
2019-01-08 13:37:34,591 DEBUG    root            No implementation for release track [GA] for element: [/usr/local/Caskroom/google-cloud-sdk/latest/google-cloud-sdk/lib/surface/filestore]
2019-01-08 13:37:34,596 DEBUG    root            Loaded Command Group: [u'gcloud', u'docker']
2019-01-08 13:37:34,599 DEBUG    root            Loaded Command Group: [u'gcloud', u'endpoints']
2019-01-08 13:37:34,601 DEBUG    root            Loaded Command Group: [u'gcloud', u'pubsub']
2019-01-08 13:37:34,605 DEBUG    root            No implementation for release track [GA] for element: [/usr/local/Caskroom/google-cloud-sdk/latest/google-cloud-sdk/lib/surface/firestore]
2019-01-08 13:37:34,606 DEBUG    root            Loaded Command Group: [u'gcloud', u'deployment_manager']
